{
    "Node Type": "Hash Join",
    "Parallel Aware": false,
    "Async Capable": false,
    "Join Type": "Inner",
    "Startup Cost": 5460.19,
    "Total Cost": 50492.8,
    "Plan Rows": 150,
    "Plan Width": 266,
    "Output": [
        "c.c_custkey",
        "c.c_name",
        "c.c_address",
        "c.c_nationkey",
        "c.c_phone",
        "c.c_acctbal",
        "c.c_mktsegment",
        "c.c_comment",
        "o.o_orderkey",
        "o.o_custkey",
        "o.o_orderstatus",
        "o.o_totalprice",
        "o.o_orderdate",
        "o.o_orderpriority",
        "o.o_clerk",
        "o.o_shippriority",
        "o.o_comment"
    ],
    "Inner Unique": true,
    "Hash Cond": "(o.o_custkey = c.c_custkey)",
    "Plans": [
        {
            "Node Type": "Seq Scan",
            "Parent Relationship": "Outer",
            "Parallel Aware": false,
            "Async Capable": false,
            "Relation Name": "orders",
            "Schema": "public",
            "Alias": "o",
            "Startup Cost": 0.0,
            "Total Cost": 41095.0,
            "Plan Rows": 1500000,
            "Plan Width": 107,
            "Output": [
                "o.o_orderkey",
                "o.o_custkey",
                "o.o_orderstatus",
                "o.o_totalprice",
                "o.o_orderdate",
                "o.o_orderpriority",
                "o.o_clerk",
                "o.o_shippriority",
                "o.o_comment"
            ]
        },
        {
            "Node Type": "Hash",
            "Parent Relationship": "Inner",
            "Parallel Aware": false,
            "Async Capable": false,
            "Startup Cost": 5460.0,
            "Total Cost": 5460.0,
            "Plan Rows": 15,
            "Plan Width": 159,
            "Output": [
                "c.c_custkey",
                "c.c_name",
                "c.c_address",
                "c.c_nationkey",
                "c.c_phone",
                "c.c_acctbal",
                "c.c_mktsegment",
                "c.c_comment"
            ],
            "Plans": [
                {
                    "Node Type": "Seq Scan",
                    "Parent Relationship": "Outer",
                    "Parallel Aware": false,
                    "Async Capable": false,
                    "Relation Name": "customer",
                    "Schema": "public",
                    "Alias": "c",
                    "Startup Cost": 0.0,
                    "Total Cost": 5460.0,
                    "Plan Rows": 15,
                    "Plan Width": 159,
                    "Output": [
                        "c.c_custkey",
                        "c.c_name",
                        "c.c_address",
                        "c.c_nationkey",
                        "c.c_phone",
                        "c.c_acctbal",
                        "c.c_mktsegment",
                        "c.c_comment"
                    ],
                    "Filter": "((c.c_name)::text ~~ '%23'::text)"
                }
            ]
        }
    ]
}